<?xml version="1.0" encoding="UTF-8"?>
<testsuite name="edu.odu.cs.cs350.TestBook" tests="8" skipped="0" failures="0" errors="0" timestamp="2022-03-30T19:10:15" hostname="Dominiks-MacBook-Air.local" time="0.159">
  <properties/>
  <testcase name="testAddDuplicateAuthor()" classname="edu.odu.cs.cs350.TestBook" time="0.109"/>
  <testcase name="testClone()" classname="edu.odu.cs.cs350.TestBook" time="0.002"/>
  <testcase name="testBookStringStringStringAuthorArray()" classname="edu.odu.cs.cs350.TestBook" time="0.012"/>
  <testcase name="testBook()" classname="edu.odu.cs.cs350.TestBook" time="0.002"/>
  <testcase name="testSetPublisher()" classname="edu.odu.cs.cs350.TestBook" time="0.003"/>
  <testcase name="testAddNewAuthor()" classname="edu.odu.cs.cs350.TestBook" time="0.003"/>
  <testcase name="testSetISBN()" classname="edu.odu.cs.cs350.TestBook" time="0.003"/>
  <testcase name="testSetTitle()" classname="edu.odu.cs.cs350.TestBook" time="0.006"/>
  <system-out><![CDATA[]]></system-out>
  <system-err><![CDATA[]]></system-err>
</testsuite>
